<?xml version="1.0" encoding="UTF-8"?>
<testsuite xmlns:xsi="http://www.w3.org/2001/XMLSchema-instance" xsi:noNamespaceSchemaLocation="https://maven.apache.org/surefire/maven-surefire-plugin/xsd/surefire-test-report-3.0.xsd" version="3.0" name="br.com.bb.compra.ClienteResourceTest" time="7.022" tests="1" errors="1" skipped="0" failures="0">
  <properties>
[...]
</properties>
  <testcase name="testHelloEndpoint" classname="br.com.bb.compra.ClienteResourceTest" time="0.012">
    <error type="java.lang.RuntimeException"><![CDATA[java.lang.RuntimeException: java.lang.RuntimeException: Failed to start quarkus
Caused by: java.lang.RuntimeException: Failed to start quarkus
Caused by: java.lang.RuntimeException: Unable to start HTTP server
Caused by: java.util.concurrent.ExecutionException: io.quarkus.runtime.QuarkusBindException
Caused by: io.quarkus.runtime.QuarkusBindException
]]></error>
    <system-out><![CDATA[2022-08-31 13:48:11,808 INFO  [org.jbo.threads] (main) JBoss Threads version 3.4.2.Final
2022-08-31 13:48:12,359 WARN  [io.qua.hib.orm.dep.HibernateOrmProcessor] (build-63) Hibernate ORM is disabled because no JPA entities were found
]]></system-out>
  </testcase>
</testsuite>